MPASM  5.51                      UNTITLED.ASM   6-6-2015  1:07:33         PAGE  1


LOC  OBJECT CODE     LINE SOURCE TEXT
  VALUE

                      00001         LIST p=16f877a                  
                      00002         #include "P16f877a.inc" 
                      00001         LIST
                      00002 
                      00003 ;==========================================================================
                      00004 ;  MPASM PIC16F877A processor include
                      00005 ; 
                      00006 ;  (c) Copyright 1999-2013 Microchip Technology, All rights reserved
                      00007 ;==========================================================================
                      00008 
                      00566         LIST
                      00003 
                      00004 
                      00005 ;0x33 delay counter variable
                      00006 ;0x35 ADC result
                      00007 ;0x36 stores value 100
                      00008 ;0x30 is used also for storing ADC result
                      00009 
                      00010 ;0x41,0x42,0x43 Division variable 
                      00011 
                      00012 ;0x45 is  the final port signal
                      00013 
                      00014 ;-----------------------------------------------------
                      00015 ;Input and output
Warning[205]: Found directive in column 1. (banksel)
0000   1683 1303      00016 banksel TRISA ;assembler directive to select bank
Warning[203]: Found opcode in column 1. (movlw)
0002   30FF           00017 movlw 0xff
Warning[203]: Found opcode in column 1. (movwf)
Message[302]: Register in operand not in bank 0.  Ensure that bank bits are correct.
0003   0085           00018 movwf TRISA ;set all PORTA pins as inputs
                      00019 
Warning[205]: Found directive in column 1. (banksel)
0004   1683 1303      00020 banksel TRISB ;assembler directive to select bank
Warning[203]: Found opcode in column 1. (movlw)
0006   3000           00021 movlw 0x00
Warning[203]: Found opcode in column 1. (movwf)
Message[302]: Register in operand not in bank 0.  Ensure that bank bits are correct.
0007   0086           00022 movwf TRISB ;set all PORTA pins as inputs
                      00023 
Warning[205]: Found directive in column 1. (banksel)
0008   1683 1303      00024 banksel TRISC ;assembler directive to select bank
Warning[203]: Found opcode in column 1. (movlw)
000A   3000           00025 movlw 0x00
Warning[203]: Found opcode in column 1. (movwf)
Message[302]: Register in operand not in bank 0.  Ensure that bank bits are correct.
000B   0087           00026 movwf TRISC ;set all PORTA pins as inputs
                      00027 ;-----------------------------------------------------
                      00028 
                      00029 
                      00030 
                      00031 ;-----------------------------------------------------
Warning[205]: Found directive in column 1. (banksel)
MPASM  5.51                      UNTITLED.ASM   6-6-2015  1:07:33         PAGE  2


LOC  OBJECT CODE     LINE SOURCE TEXT
  VALUE

000C   1283 1303      00032 banksel ADCON0 ;assembler directive to select bank
Warning[203]: Found opcode in column 1. (movlw)
000E   3041           00033 movlw b'01000001'
Warning[203]: Found opcode in column 1. (movwf)
000F   009F           00034 movwf ADCON0 ; channel 0, FOSC/8, enable A/D
                      00035 
Warning[205]: Found directive in column 1. (banksel)
0010   1683 1303      00036 banksel ADCON1 ;assembler directive to select bank
Warning[203]: Found opcode in column 1. (movlw)
0012   3002           00037 movlw b'00000010'
Warning[203]: Found opcode in column 1. (movwf)
Message[302]: Register in operand not in bank 0.  Ensure that bank bits are correct.
0013   009F           00038 movwf ADCON1 ;RA0,1,2,3,5 analog, VREF = VDD
                      00039 ;-----------------------------------------------------
                      00040 
                      00041 
                      00042 
                      00043 ;------------------------------------------------------
                      00044 ;An appropriate acquisition time must be
                      00045 ;allowed for after selecting an input channel
                      00046 ;l A delay loop can be used
                      00047 ;20us delay loop with 4MHz oscillator frequency
Warning[203]: Found opcode in column 1. (bcf)
0014   1283           00048 bcf STATUS, RP0 
Warning[203]: Found opcode in column 1. (bcf)
0015   1303           00049 bcf STATUS, RP1 
Warning[203]: Found opcode in column 1. (movlw)
0016   3006           00050 movlw 0x06
Warning[203]: Found opcode in column 1. (movwf)
0017   00B3           00051 movwf 0x33 ;initialize count
0018                  00052 loop
Warning[203]: Found opcode in column 1. (decfsz)
0018   0BB3           00053 decfsz 0x33,F ;dec count, store in count
Warning[203]: Found opcode in column 1. (goto)
0019   2818           00054 goto loop ;not finished
                      00055 ;-------------------------------------------------------
                      00056 
                      00057 
                      00058 
                      00059 
Warning[205]: Found directive in column 1. (banksel)
001A   1283 1303      00060 banksel ADCON0 ;select bank
Warning[203]: Found opcode in column 1. (bsf)
001C   151F           00061 bsf ADCON0,GO ;initiate conversion
                      00062 
                      00063 
                      00064 ;check if the conversion is done?
Warning[205]: Found directive in column 1. (banksel)
001D   1283 1303      00065 banksel ADCON0 ;select bank
001F                  00066 test
Warning[203]: Found opcode in column 1. (btfsc)
001F   191F           00067 btfsc ADCON0,GO ;conversion done?
Warning[203]: Found opcode in column 1. (goto)
MPASM  5.51                      UNTITLED.ASM   6-6-2015  1:07:33         PAGE  3


LOC  OBJECT CODE     LINE SOURCE TEXT
  VALUE

0020   281F           00068 goto test ;not finished
                      00069 
                      00070 
                      00071 
                      00072 
                      00073 ;-------------------------------------------------
                      00074 ;Now comes  the result part
                      00075 
                      00076 ;Here the temperature value is at max 150 so no need of the 10th bit as it considered if the ADC value i
                            s  more  than 255 but
                      00077 ;in our case wont happen
                      00078 
                      00079 ;Now ADRESL's last bit is least significant bit . So we dont consider  it valid
                      00080 ;So we avoid that also 
                      00081 
                      00082 ;Now we only need the 8 bits of the 10 bit ADC Result. So we are extracting the result as per
                      00083 
Warning[205]: Found directive in column 1. (banksel)
0021   1283 1303      00084 banksel ADRESH ;select bank
                      00085 
Warning[203]: Found opcode in column 1. (rlf)
0023   0D9E           00086 rlf  ADRESH,F
                      00087 
Warning[203]: Found opcode in column 1. (btfsc)
Message[302]: Register in operand not in bank 0.  Ensure that bank bits are correct.
0024   1B9E           00088 btfsc ADRESL,7
Warning[203]: Found opcode in column 1. (bsf)
0025   141E           00089 bsf  ADRESH,0
                      00090 
Warning[203]: Found opcode in column 1. (movf)
0026   081E           00091 movf ADRESH,w
                      00092 
Warning[203]: Found opcode in column 1. (movwf)
0027   00B5           00093 movwf 0x35
                      00094 
Warning[203]: Found opcode in column 1. (movwf)
0028   00B0           00095 movwf 0x30 ;temporary storage
                      00096 
                      00097 ;result is stored in a temporary location
                      00098 ;-------------------------------------------------
                      00099 
                      00100 
                      00101 ;------------------------------------------------
                      00102 ;this register is used for  directly storing the 3bit decimal number 
                      00103 ;It this register only the MSB 2 and 1 bits are stored
                      00104 ;For eg 154 then 15 is stored
Warning[203]: Found opcode in column 1. (movlw)
0029   3000           00105 movlw 0x00
Warning[203]: Found opcode in column 1. (movf)
Message[305]: Using default destination of 1 (file).
002A   08C5           00106 movf  0x45
                      00107 ;--------------------------------------------------
                      00108 
MPASM  5.51                      UNTITLED.ASM   6-6-2015  1:07:33         PAGE  4


LOC  OBJECT CODE     LINE SOURCE TEXT
  VALUE

                      00109 
                      00110 
                      00111 
                      00112 
                      00113 
                      00114 
                      00115 ;-------------------------------------------------
                      00116 ;extracting hundreds place
                      00117 ;sublw =>  W=L-W
Warning[203]: Found opcode in column 1. (movlw)
002B   3064           00118 movlw b'01100100' ;100
                      00119 
Warning[203]: Found opcode in column 1. (subwf)
002C   02B5           00120 subwf 0x35,f  ;f=f-w   ie f=f-100
                      00121 
Warning[203]: Found opcode in column 1. (btfsc)
002D   1803           00122 btfsc STATUS,C
Warning[203]: Found opcode in column 1. (goto)
002E   2830           00123 goto setONE
Warning[203]: Found opcode in column 1. (goto)
002F   2833           00124 goto setZERO
                      00125 
0030                  00126 setONE:
Warning[203]: Found opcode in column 1. (movlw)
0030   3010           00127 movlw b'00010000'
Warning[203]: Found opcode in column 1. (movwf)
0031   00C5           00128 movwf 0x45
Warning[203]: Found opcode in column 1. (goto)
0032   2838           00129 goto NEXT
                      00130 
                      00131 
0033                  00132 setZERO:
Warning[203]: Found opcode in column 1. (movf)
0033   0830           00133 movf 0x30,w
Warning[203]: Found opcode in column 1. (movwf)
0034   00B5           00134 movwf 0x35
Warning[203]: Found opcode in column 1. (movlw)
0035   3000           00135 movlw b'00000000'
Warning[203]: Found opcode in column 1. (movwf)
0036   00C5           00136 movwf 0x45
Warning[203]: Found opcode in column 1. (goto)
0037   2838           00137 goto  NEXT
                      00138 ;---------------------------------------------------
                      00139 
                      00140 ;======================================================
                      00141 ;this is for extracting 10's place
0038                  00142 NEXT:
Warning[203]: Found opcode in column 1. (movlw)
0038   300A           00143 movlw 0x0A
Warning[203]: Found opcode in column 1. (movwf)
0039   00C1           00144 movwf 0x41
                      00145 
                      00146 ;-------------------------|
MPASM  5.51                      UNTITLED.ASM   6-6-2015  1:07:33         PAGE  5


LOC  OBJECT CODE     LINE SOURCE TEXT
  VALUE

                      00147 ;Division Algorithm       |
                      00148 ;-------------------------|
                      00149 ;Division  0x35/0x41  ie value/10
                      00150 ;0x42 will serve as quotient
Warning[203]: Found opcode in column 1. (clrf)
003A   01C2           00151 clrf 0x42
Warning[203]: Found opcode in column 1. (MOVF)
003B   0841           00152 MOVF 0X41,W
003C                  00153 LP1:
Warning[203]: Found opcode in column 1. (incf)
003C   0AC2           00154 incf 0x42,f
Warning[203]: Found opcode in column 1. (SUBWF)
003D   02B5           00155 SUBWF 0X35,F
Warning[203]: Found opcode in column 1. (BTFSC)
003E   1803           00156 BTFSC STATUS,C
Warning[203]: Found opcode in column 1. (GOTO)
003F   283C           00157 GOTO LP1
                      00158 
Warning[203]: Found opcode in column 1. (movlw)
0040   3001           00159 movlw 0x01  ; needed for my div algo (for correct quotient)
Warning[203]: Found opcode in column 1. (subwf)
0041   02C2           00160 subwf 0x42,f
                      00161 
Warning[203]: Found opcode in column 1. (movf)
0042   0841           00162 movf 0x41,w ; need for the correct remainder
Warning[203]: Found opcode in column 1. (addwf)
0043   07B5           00163 addwf 0x35,f
                      00164 
Warning[203]: Found opcode in column 1. (movf)
0044   0842           00165 movf 0x42,w
Warning[203]: Found opcode in column 1. (iorwf)
0045   04C5           00166 iorwf 0x45,f
                      00167 ;========================================================
                      00168 
                      00169 ;-------------------------------------------------------
                      00170 ;Lastly extract the one's place digit
                      00171 ;Here it is 0x35
Warning[203]: Found opcode in column 1. (movf)
0046   0835           00172 movf 0x35,w
Warning[203]: Found opcode in column 1. (movwf)
0047   0087           00173 movwf PORTC
                      00174 ;-------------------------------------------------------
                      00175 
Warning[203]: Found opcode in column 1. (movf)
0048   0845           00176 movf 0x45,w
Warning[203]: Found opcode in column 1. (movwf)
0049   0086           00177 movwf PORTB
                      00178 
                      00179 
                      00180 
                      00181 
                      00182 
                      00183 
MPASM  5.51                      UNTITLED.ASM   6-6-2015  1:07:33         PAGE  6


LOC  OBJECT CODE     LINE SOURCE TEXT
  VALUE

                      00184 
Warning[205]: Found directive in column 1. (end)
                      00185 end
MPASM  5.51                      UNTITLED.ASM   6-6-2015  1:07:33         PAGE  7


SYMBOL TABLE
  LABEL                             VALUE 

ACKDT                             00000005
ACKEN                             00000004
ACKSTAT                           00000006
ADCON0                            0000001F
ADCON1                            0000009F
ADCS0                             00000006
ADCS1                             00000007
ADCS2                             00000006
ADDEN                             00000003
ADFM                              00000007
ADIE                              00000006
ADIF                              00000006
ADON                              00000000
ADRESH                            0000001E
ADRESL                            0000009E
BCLIE                             00000003
BCLIF                             00000003
BF                                00000000
BRGH                              00000002
C                                 00000000
C1INV                             00000004
C1OUT                             00000006
C2INV                             00000005
C2OUT                             00000007
CCP1CON                           00000017
CCP1IE                            00000002
CCP1IF                            00000002
CCP1M0                            00000000
CCP1M1                            00000001
CCP1M2                            00000002
CCP1M3                            00000003
CCP1X                             00000005
CCP1Y                             00000004
CCP2CON                           0000001D
CCP2IE                            00000000
CCP2IF                            00000000
CCP2M0                            00000000
CCP2M1                            00000001
CCP2M2                            00000002
CCP2M3                            00000003
CCP2X                             00000005
CCP2Y                             00000004
CCPR1                             00000015
CCPR1H                            00000016
CCPR1L                            00000015
CCPR2                             0000001B
CCPR2H                            0000001C
CCPR2L                            0000001B
CHS0                              00000003
CHS1                              00000004
CHS2                              00000005
CIS                               00000003
CKE                               00000006
MPASM  5.51                      UNTITLED.ASM   6-6-2015  1:07:33         PAGE  8


SYMBOL TABLE
  LABEL                             VALUE 

CKP                               00000004
CM0                               00000000
CM1                               00000001
CM2                               00000002
CMCON                             0000009C
CMIE                              00000006
CMIF                              00000006
CREN                              00000004
CSRC                              00000007
CVR0                              00000000
CVR1                              00000001
CVR2                              00000002
CVR3                              00000003
CVRCON                            0000009D
CVREN                             00000007
CVROE                             00000006
CVRR                              00000005
D                                 00000005
DATA_ADDRESS                      00000005
DC                                00000001
D_A                               00000005
D_NOT_A                           00000005
EEADR                             0000010D
EEADRH                            0000010F
EECON1                            0000018C
EECON2                            0000018D
EEDATA                            0000010C
EEDATH                            0000010E
EEIE                              00000004
EEIF                              00000004
EEPGD                             00000007
F                                 00000001
FERR                              00000002
FSR                               00000004
GCEN                              00000007
GIE                               00000007
GO                                00000002
GO_DONE                           00000002
GO_NOT_DONE                       00000002
I2C_DATA                          00000005
I2C_READ                          00000002
I2C_START                         00000003
I2C_STOP                          00000004
IBF                               00000007
IBOV                              00000005
INDF                              00000000
INTCON                            0000000B
INTE                              00000004
INTEDG                            00000006
INTF                              00000001
IRP                               00000007
LP1                               0000003C
NEXT                              00000038
MPASM  5.51                      UNTITLED.ASM   6-6-2015  1:07:33         PAGE  9


SYMBOL TABLE
  LABEL                             VALUE 

NOT_A                             00000005
NOT_ADDRESS                       00000005
NOT_BO                            00000000
NOT_BOR                           00000000
NOT_DONE                          00000002
NOT_PD                            00000003
NOT_POR                           00000001
NOT_RBPU                          00000007
NOT_RC8                           00000006
NOT_T1SYNC                        00000002
NOT_TO                            00000004
NOT_TX8                           00000006
NOT_W                             00000002
NOT_WRITE                         00000002
OBF                               00000006
OERR                              00000001
OPTION_REG                        00000081
P                                 00000004
PCFG0                             00000000
PCFG1                             00000001
PCFG2                             00000002
PCFG3                             00000003
PCL                               00000002
PCLATH                            0000000A
PCON                              0000008E
PEIE                              00000006
PEN                               00000002
PIE1                              0000008C
PIE2                              0000008D
PIR1                              0000000C
PIR2                              0000000D
PORTA                             00000005
PORTB                             00000006
PORTC                             00000007
PORTD                             00000008
PORTE                             00000009
PR2                               00000092
PS0                               00000000
PS1                               00000001
PS2                               00000002
PSA                               00000003
PSPIE                             00000007
PSPIF                             00000007
PSPMODE                           00000004
R                                 00000002
RA0                               00000000
RA1                               00000001
RA2                               00000002
RA3                               00000003
RA4                               00000004
RA5                               00000005
RB0                               00000000
RB1                               00000001
MPASM  5.51                      UNTITLED.ASM   6-6-2015  1:07:33         PAGE 10


SYMBOL TABLE
  LABEL                             VALUE 

RB2                               00000002
RB3                               00000003
RB4                               00000004
RB5                               00000005
RB6                               00000006
RB7                               00000007
RBIE                              00000003
RBIF                              00000000
RC0                               00000000
RC1                               00000001
RC2                               00000002
RC3                               00000003
RC4                               00000004
RC5                               00000005
RC6                               00000006
RC7                               00000007
RC8_9                             00000006
RC9                               00000006
RCD8                              00000000
RCEN                              00000003
RCIE                              00000005
RCIF                              00000005
RCREG                             0000001A
RCSTA                             00000018
RD                                00000000
RD0                               00000000
RD1                               00000001
RD2                               00000002
RD3                               00000003
RD4                               00000004
RD5                               00000005
RD6                               00000006
RD7                               00000007
RE0                               00000000
RE1                               00000001
RE2                               00000002
READ_WRITE                        00000002
RP0                               00000005
RP1                               00000006
RSEN                              00000001
RX9                               00000006
RX9D                              00000000
R_NOT_W                           00000002
R_W                               00000002
S                                 00000003
SEN                               00000000
SMP                               00000007
SPBRG                             00000099
SPEN                              00000007
SREN                              00000005
SSPADD                            00000093
SSPBUF                            00000013
SSPCON                            00000014
MPASM  5.51                      UNTITLED.ASM   6-6-2015  1:07:33         PAGE 11


SYMBOL TABLE
  LABEL                             VALUE 

SSPCON2                           00000091
SSPEN                             00000005
SSPIE                             00000003
SSPIF                             00000003
SSPM0                             00000000
SSPM1                             00000001
SSPM2                             00000002
SSPM3                             00000003
SSPOV                             00000006
SSPSTAT                           00000094
STATUS                            00000003
SYNC                              00000004
T0CS                              00000005
T0IE                              00000005
T0IF                              00000002
T0SE                              00000004
T1CKPS0                           00000004
T1CKPS1                           00000005
T1CON                             00000010
T1INSYNC                          00000002
T1OSCEN                           00000003
T1SYNC                            00000002
T2CKPS0                           00000000
T2CKPS1                           00000001
T2CON                             00000012
TMR0                              00000001
TMR0IE                            00000005
TMR0IF                            00000002
TMR1                              0000000E
TMR1CS                            00000001
TMR1H                             0000000F
TMR1IE                            00000000
TMR1IF                            00000000
TMR1L                             0000000E
TMR1ON                            00000000
TMR2                              00000011
TMR2IE                            00000001
TMR2IF                            00000001
TMR2ON                            00000002
TOUTPS0                           00000003
TOUTPS1                           00000004
TOUTPS2                           00000005
TOUTPS3                           00000006
TRISA                             00000085
TRISA0                            00000000
TRISA1                            00000001
TRISA2                            00000002
TRISA3                            00000003
TRISA4                            00000004
TRISA5                            00000005
TRISB                             00000086
TRISB0                            00000000
TRISB1                            00000001
MPASM  5.51                      UNTITLED.ASM   6-6-2015  1:07:33         PAGE 12


SYMBOL TABLE
  LABEL                             VALUE 

TRISB2                            00000002
TRISB3                            00000003
TRISB4                            00000004
TRISB5                            00000005
TRISB6                            00000006
TRISB7                            00000007
TRISC                             00000087
TRISC0                            00000000
TRISC1                            00000001
TRISC2                            00000002
TRISC3                            00000003
TRISC4                            00000004
TRISC5                            00000005
TRISC6                            00000006
TRISC7                            00000007
TRISD                             00000088
TRISD0                            00000000
TRISD1                            00000001
TRISD2                            00000002
TRISD3                            00000003
TRISD4                            00000004
TRISD5                            00000005
TRISD6                            00000006
TRISD7                            00000007
TRISE                             00000089
TRISE0                            00000000
TRISE1                            00000001
TRISE2                            00000002
TRMT                              00000001
TX8_9                             00000006
TX9                               00000006
TX9D                              00000000
TXD8                              00000000
TXEN                              00000005
TXIE                              00000004
TXIF                              00000004
TXREG                             00000019
TXSTA                             00000098
UA                                00000001
W                                 00000000
WCOL                              00000007
WR                                00000001
WREN                              00000002
WRERR                             00000003
Z                                 00000002
_BODEN_OFF                        00003FBF
_BODEN_ON                         00003FFF
_BOREN_OFF                        00003FBF
_BOREN_ON                         00003FFF
_CONFIG                           00002007
_CPD_OFF                          00003FFF
_CPD_ON                           00003EFF
_CP_ALL                           00001FFF
MPASM  5.51                      UNTITLED.ASM   6-6-2015  1:07:33         PAGE 13


SYMBOL TABLE
  LABEL                             VALUE 

_CP_OFF                           00003FFF
_CP_ON                            00001FFF
_DEBUG_OFF                        00003FFF
_DEBUG_ON                         000037FF
_DEVID1                           00002006
_FOSC_EXTRC                       00003FFF
_FOSC_HS                          00003FFE
_FOSC_LP                          00003FFC
_FOSC_XT                          00003FFD
_HS_OSC                           00003FFE
_IDLOC0                           00002000
_IDLOC1                           00002001
_IDLOC2                           00002002
_IDLOC3                           00002003
_LP_OSC                           00003FFC
_LVP_OFF                          00003F7F
_LVP_ON                           00003FFF
_PWRTE_OFF                        00003FFF
_PWRTE_ON                         00003FF7
_RC_OSC                           00003FFF
_WDTE_OFF                         00003FFB
_WDTE_ON                          00003FFF
_WDT_OFF                          00003FFB
_WDT_ON                           00003FFF
_WRT_1FOURTH                      00003BFF
_WRT_256                          00003DFF
_WRT_HALF                         000039FF
_WRT_OFF                          00003FFF
_XT_OSC                           00003FFD
__16F877A                         00000001
__DEBUG                           1
loop                              00000018
setONE                            00000030
setZERO                           00000033
test                              0000001F


MEMORY USAGE MAP ('X' = Used,  '-' = Unused)

0000 : XXXXXXXXXXXXXXXX XXXXXXXXXXXXXXXX XXXXXXXXXXXXXXXX XXXXXXXXXXXXXXXX
0040 : XXXXXXXXXX------ ---------------- ---------------- ----------------

All other memory blocks unused.

Program Memory Words Used:    74
Program Memory Words Free:  8118


MPASM  5.51                      UNTITLED.ASM   6-6-2015  1:07:33         PAGE 14





Errors   :     0
Warnings :    67 reported,     0 suppressed
Messages :     6 reported,     0 suppressed

