Warning[205] D:\SUMMER VECATIONS\PIC PROJECT\THEMOMETER\UNTITLED.ASM 16 : Found directive in column 1. (banksel)
Warning[203] D:\SUMMER VECATIONS\PIC PROJECT\THEMOMETER\UNTITLED.ASM 17 : Found opcode in column 1. (movlw)
Warning[203] D:\SUMMER VECATIONS\PIC PROJECT\THEMOMETER\UNTITLED.ASM 18 : Found opcode in column 1. (movwf)
Message[302] D:\SUMMER VECATIONS\PIC PROJECT\THEMOMETER\UNTITLED.ASM 18 : Register in operand not in bank 0.  Ensure that bank bits are correct.
Warning[205] D:\SUMMER VECATIONS\PIC PROJECT\THEMOMETER\UNTITLED.ASM 20 : Found directive in column 1. (banksel)
Warning[203] D:\SUMMER VECATIONS\PIC PROJECT\THEMOMETER\UNTITLED.ASM 21 : Found opcode in column 1. (movlw)
Warning[203] D:\SUMMER VECATIONS\PIC PROJECT\THEMOMETER\UNTITLED.ASM 22 : Found opcode in column 1. (movwf)
Message[302] D:\SUMMER VECATIONS\PIC PROJECT\THEMOMETER\UNTITLED.ASM 22 : Register in operand not in bank 0.  Ensure that bank bits are correct.
Warning[205] D:\SUMMER VECATIONS\PIC PROJECT\THEMOMETER\UNTITLED.ASM 24 : Found directive in column 1. (banksel)
Warning[203] D:\SUMMER VECATIONS\PIC PROJECT\THEMOMETER\UNTITLED.ASM 25 : Found opcode in column 1. (movlw)
Warning[203] D:\SUMMER VECATIONS\PIC PROJECT\THEMOMETER\UNTITLED.ASM 26 : Found opcode in column 1. (movwf)
Message[302] D:\SUMMER VECATIONS\PIC PROJECT\THEMOMETER\UNTITLED.ASM 26 : Register in operand not in bank 0.  Ensure that bank bits are correct.
Warning[205] D:\SUMMER VECATIONS\PIC PROJECT\THEMOMETER\UNTITLED.ASM 32 : Found directive in column 1. (banksel)
Warning[203] D:\SUMMER VECATIONS\PIC PROJECT\THEMOMETER\UNTITLED.ASM 33 : Found opcode in column 1. (movlw)
Warning[203] D:\SUMMER VECATIONS\PIC PROJECT\THEMOMETER\UNTITLED.ASM 34 : Found opcode in column 1. (movwf)
Warning[205] D:\SUMMER VECATIONS\PIC PROJECT\THEMOMETER\UNTITLED.ASM 36 : Found directive in column 1. (banksel)
Warning[203] D:\SUMMER VECATIONS\PIC PROJECT\THEMOMETER\UNTITLED.ASM 37 : Found opcode in column 1. (movlw)
Warning[203] D:\SUMMER VECATIONS\PIC PROJECT\THEMOMETER\UNTITLED.ASM 38 : Found opcode in column 1. (movwf)
Message[302] D:\SUMMER VECATIONS\PIC PROJECT\THEMOMETER\UNTITLED.ASM 38 : Register in operand not in bank 0.  Ensure that bank bits are correct.
Warning[203] D:\SUMMER VECATIONS\PIC PROJECT\THEMOMETER\UNTITLED.ASM 48 : Found opcode in column 1. (bcf)
Warning[203] D:\SUMMER VECATIONS\PIC PROJECT\THEMOMETER\UNTITLED.ASM 49 : Found opcode in column 1. (bcf)
Warning[203] D:\SUMMER VECATIONS\PIC PROJECT\THEMOMETER\UNTITLED.ASM 50 : Found opcode in column 1. (movlw)
Warning[203] D:\SUMMER VECATIONS\PIC PROJECT\THEMOMETER\UNTITLED.ASM 51 : Found opcode in column 1. (movwf)
Warning[203] D:\SUMMER VECATIONS\PIC PROJECT\THEMOMETER\UNTITLED.ASM 53 : Found opcode in column 1. (decfsz)
Warning[203] D:\SUMMER VECATIONS\PIC PROJECT\THEMOMETER\UNTITLED.ASM 54 : Found opcode in column 1. (goto)
Warning[205] D:\SUMMER VECATIONS\PIC PROJECT\THEMOMETER\UNTITLED.ASM 60 : Found directive in column 1. (banksel)
Warning[203] D:\SUMMER VECATIONS\PIC PROJECT\THEMOMETER\UNTITLED.ASM 61 : Found opcode in column 1. (bsf)
Warning[205] D:\SUMMER VECATIONS\PIC PROJECT\THEMOMETER\UNTITLED.ASM 65 : Found directive in column 1. (banksel)
Warning[203] D:\SUMMER VECATIONS\PIC PROJECT\THEMOMETER\UNTITLED.ASM 67 : Found opcode in column 1. (btfsc)
Warning[203] D:\SUMMER VECATIONS\PIC PROJECT\THEMOMETER\UNTITLED.ASM 68 : Found opcode in column 1. (goto)
Warning[205] D:\SUMMER VECATIONS\PIC PROJECT\THEMOMETER\UNTITLED.ASM 84 : Found directive in column 1. (banksel)
Warning[203] D:\SUMMER VECATIONS\PIC PROJECT\THEMOMETER\UNTITLED.ASM 86 : Found opcode in column 1. (rlf)
Warning[203] D:\SUMMER VECATIONS\PIC PROJECT\THEMOMETER\UNTITLED.ASM 88 : Found opcode in column 1. (btfsc)
Message[302] D:\SUMMER VECATIONS\PIC PROJECT\THEMOMETER\UNTITLED.ASM 88 : Register in operand not in bank 0.  Ensure that bank bits are correct.
Warning[203] D:\SUMMER VECATIONS\PIC PROJECT\THEMOMETER\UNTITLED.ASM 89 : Found opcode in column 1. (bsf)
Warning[203] D:\SUMMER VECATIONS\PIC PROJECT\THEMOMETER\UNTITLED.ASM 91 : Found opcode in column 1. (movf)
Warning[203] D:\SUMMER VECATIONS\PIC PROJECT\THEMOMETER\UNTITLED.ASM 93 : Found opcode in column 1. (movwf)
Warning[203] D:\SUMMER VECATIONS\PIC PROJECT\THEMOMETER\UNTITLED.ASM 95 : Found opcode in column 1. (movwf)
Warning[203] D:\SUMMER VECATIONS\PIC PROJECT\THEMOMETER\UNTITLED.ASM 105 : Found opcode in column 1. (movlw)
Warning[203] D:\SUMMER VECATIONS\PIC PROJECT\THEMOMETER\UNTITLED.ASM 106 : Found opcode in column 1. (movf)
Message[305] D:\SUMMER VECATIONS\PIC PROJECT\THEMOMETER\UNTITLED.ASM 106 : Using default destination of 1 (file).
Warning[203] D:\SUMMER VECATIONS\PIC PROJECT\THEMOMETER\UNTITLED.ASM 118 : Found opcode in column 1. (movlw)
Warning[203] D:\SUMMER VECATIONS\PIC PROJECT\THEMOMETER\UNTITLED.ASM 120 : Found opcode in column 1. (subwf)
Warning[203] D:\SUMMER VECATIONS\PIC PROJECT\THEMOMETER\UNTITLED.ASM 122 : Found opcode in column 1. (btfsc)
Warning[203] D:\SUMMER VECATIONS\PIC PROJECT\THEMOMETER\UNTITLED.ASM 123 : Found opcode in column 1. (goto)
Warning[203] D:\SUMMER VECATIONS\PIC PROJECT\THEMOMETER\UNTITLED.ASM 124 : Found opcode in column 1. (goto)
Warning[203] D:\SUMMER VECATIONS\PIC PROJECT\THEMOMETER\UNTITLED.ASM 127 : Found opcode in column 1. (movlw)
Warning[203] D:\SUMMER VECATIONS\PIC PROJECT\THEMOMETER\UNTITLED.ASM 128 : Found opcode in column 1. (movwf)
Warning[203] D:\SUMMER VECATIONS\PIC PROJECT\THEMOMETER\UNTITLED.ASM 129 : Found opcode in column 1. (goto)
Warning[203] D:\SUMMER VECATIONS\PIC PROJECT\THEMOMETER\UNTITLED.ASM 133 : Found opcode in column 1. (movf)
Warning[203] D:\SUMMER VECATIONS\PIC PROJECT\THEMOMETER\UNTITLED.ASM 134 : Found opcode in column 1. (movwf)
Warning[203] D:\SUMMER VECATIONS\PIC PROJECT\THEMOMETER\UNTITLED.ASM 135 : Found opcode in column 1. (movlw)
Warning[203] D:\SUMMER VECATIONS\PIC PROJECT\THEMOMETER\UNTITLED.ASM 136 : Found opcode in column 1. (movwf)
Warning[203] D:\SUMMER VECATIONS\PIC PROJECT\THEMOMETER\UNTITLED.ASM 137 : Found opcode in column 1. (goto)
Warning[203] D:\SUMMER VECATIONS\PIC PROJECT\THEMOMETER\UNTITLED.ASM 143 : Found opcode in column 1. (movlw)
Warning[203] D:\SUMMER VECATIONS\PIC PROJECT\THEMOMETER\UNTITLED.ASM 144 : Found opcode in column 1. (movwf)
Warning[203] D:\SUMMER VECATIONS\PIC PROJECT\THEMOMETER\UNTITLED.ASM 151 : Found opcode in column 1. (clrf)
Warning[203] D:\SUMMER VECATIONS\PIC PROJECT\THEMOMETER\UNTITLED.ASM 152 : Found opcode in column 1. (MOVF)
Warning[203] D:\SUMMER VECATIONS\PIC PROJECT\THEMOMETER\UNTITLED.ASM 154 : Found opcode in column 1. (incf)
Warning[203] D:\SUMMER VECATIONS\PIC PROJECT\THEMOMETER\UNTITLED.ASM 155 : Found opcode in column 1. (SUBWF)
Warning[203] D:\SUMMER VECATIONS\PIC PROJECT\THEMOMETER\UNTITLED.ASM 156 : Found opcode in column 1. (BTFSC)
Warning[203] D:\SUMMER VECATIONS\PIC PROJECT\THEMOMETER\UNTITLED.ASM 157 : Found opcode in column 1. (GOTO)
Warning[203] D:\SUMMER VECATIONS\PIC PROJECT\THEMOMETER\UNTITLED.ASM 159 : Found opcode in column 1. (movlw)
Warning[203] D:\SUMMER VECATIONS\PIC PROJECT\THEMOMETER\UNTITLED.ASM 160 : Found opcode in column 1. (subwf)
Warning[203] D:\SUMMER VECATIONS\PIC PROJECT\THEMOMETER\UNTITLED.ASM 162 : Found opcode in column 1. (movf)
Warning[203] D:\SUMMER VECATIONS\PIC PROJECT\THEMOMETER\UNTITLED.ASM 163 : Found opcode in column 1. (addwf)
Warning[203] D:\SUMMER VECATIONS\PIC PROJECT\THEMOMETER\UNTITLED.ASM 165 : Found opcode in column 1. (movf)
Warning[203] D:\SUMMER VECATIONS\PIC PROJECT\THEMOMETER\UNTITLED.ASM 166 : Found opcode in column 1. (iorwf)
Warning[203] D:\SUMMER VECATIONS\PIC PROJECT\THEMOMETER\UNTITLED.ASM 172 : Found opcode in column 1. (movf)
Warning[203] D:\SUMMER VECATIONS\PIC PROJECT\THEMOMETER\UNTITLED.ASM 173 : Found opcode in column 1. (movwf)
Warning[203] D:\SUMMER VECATIONS\PIC PROJECT\THEMOMETER\UNTITLED.ASM 176 : Found opcode in column 1. (movf)
Warning[203] D:\SUMMER VECATIONS\PIC PROJECT\THEMOMETER\UNTITLED.ASM 177 : Found opcode in column 1. (movwf)
Warning[205] D:\SUMMER VECATIONS\PIC PROJECT\THEMOMETER\UNTITLED.ASM 185 : Found directive in column 1. (end)
